2025-11-26 21:42:54 - OmniVLASpotSimulation - INFO - ✓ Terminal logging to file: expr_data/251126_214254-omnivla_sim/terminal.log
2025-11-26 21:42:54 - OmniVLASpotSimulation - INFO - Configuration saved: expr_data/251126_214254-omnivla_sim/config.json
2025-11-26 21:42:54 - OmniVLASpotSimulation - INFO - CSV logging disabled
2025-11-26 21:42:55 - OmniVLASpotSimulation - INFO - ✓ Ego camera render product initialized: 640×480
2025-11-26 21:42:55 - OmniVLASpotSimulation - INFO - ✓ Top camera render product initialized: 800×800
2025-11-26 21:42:55 - OmniVLASpotSimulation - INFO - Setup complete
2025-11-26 21:42:55 - OmniVLASpotSimulation - INFO - Starting OmniVLA simulation...
2025-11-26 21:42:55 - OmniVLASpotSimulation - INFO - Camera views displayed in Pygame window
2025-11-26 21:42:55 - OmniVLASpotSimulation - INFO - Spot initialized
2025-11-26 21:42:58 - OmniVLASpotSimulation - INFO - Robot <-> Goal L1 distance: 11.83 m
2025-11-26 21:42:59 - OmniVLASpotSimulation - INFO - Robot <-> Goal L1 distance: 11.78 m
2025-11-26 21:42:59 - OmniVLASpotSimulation - INFO - Robot <-> Goal L1 distance: 11.77 m
2025-11-26 21:43:00 - OmniVLASpotSimulation - INFO - First keyboard command received - starting data saving
2025-11-26 21:43:00 - OmniVLASpotSimulation - INFO - Experiment data saving started
2025-11-26 21:43:00 - OmniVLASpotSimulation - INFO - Robot <-> Goal L1 distance: 11.79 m
2025-11-26 21:43:01 - OmniVLASpotSimulation - INFO - Robot <-> Goal L1 distance: 11.82 m
2025-11-26 21:43:01 - OmniVLASpotSimulation - INFO - Robot <-> Goal L1 distance: 11.81 m
2025-11-26 21:43:02 - OmniVLASpotSimulation - INFO - Robot <-> Goal L1 distance: 11.77 m
2025-11-26 21:43:02 - OmniVLASpotSimulation - INFO - Robot <-> Goal L1 distance: 11.72 m
2025-11-26 21:43:03 - OmniVLASpotSimulation - INFO - Robot <-> Goal L1 distance: 11.68 m
2025-11-26 21:43:03 - OmniVLASpotSimulation - INFO - [Performance] Physics: 15.560ms avg (0.934-867.461ms), 64.3 Hz | Render: 145.810ms avg (49.234-1175.743ms), 6.9 FPS | Frame: 145.826ms avg (49.246-1175.759ms), 6.9 FPS
2025-11-26 21:43:03 - OmniVLASpotSimulation - INFO - Robot <-> Goal L1 distance: 11.66 m
2025-11-26 21:43:03 - OmniVLASpotSimulation - INFO - Robot <-> Goal L1 distance: 11.64 m
2025-11-26 21:43:04 - OmniVLASpotSimulation - INFO - Robot <-> Goal L1 distance: 11.62 m
2025-11-26 21:43:05 - OmniVLASpotSimulation - INFO - Robot <-> Goal L1 distance: 11.57 m
2025-11-26 21:43:05 - OmniVLASpotSimulation - INFO - Robot <-> Goal L1 distance: 11.53 m
2025-11-26 21:43:06 - OmniVLASpotSimulation - INFO - Robot <-> Goal L1 distance: 11.49 m
2025-11-26 21:43:07 - OmniVLASpotSimulation - INFO - Robot <-> Goal L1 distance: 11.46 m
2025-11-26 21:43:07 - OmniVLASpotSimulation - INFO - Robot <-> Goal L1 distance: 11.43 m
2025-11-26 21:43:08 - OmniVLASpotSimulation - INFO - Robot <-> Goal L1 distance: 11.41 m
2025-11-26 21:43:08 - OmniVLASpotSimulation - INFO - Robot <-> Goal L1 distance: 11.37 m
2025-11-26 21:43:09 - OmniVLASpotSimulation - INFO - [Performance] Physics: 11.652ms avg (0.911-407.639ms), 85.8 Hz | Render: 126.327ms avg (46.604-1175.743ms), 7.9 FPS | Frame: 126.342ms avg (46.617-1175.759ms), 7.9 FPS
2025-11-26 21:43:09 - OmniVLASpotSimulation - INFO - Robot <-> Goal L1 distance: 11.33 m
2025-11-26 21:43:09 - OmniVLASpotSimulation - INFO - Robot <-> Goal L1 distance: 11.29 m
2025-11-26 21:43:10 - OmniVLASpotSimulation - INFO - Robot <-> Goal L1 distance: 11.25 m
2025-11-26 21:43:10 - OmniVLASpotSimulation - INFO - Robot <-> Goal L1 distance: 11.21 m
2025-11-26 21:43:11 - OmniVLASpotSimulation - INFO - Robot <-> Goal L1 distance: 11.17 m
2025-11-26 21:43:12 - OmniVLASpotSimulation - INFO - Robot <-> Goal L1 distance: 11.14 m
2025-11-26 21:43:12 - OmniVLASpotSimulation - INFO - Robot <-> Goal L1 distance: 11.10 m
2025-11-26 21:43:13 - OmniVLASpotSimulation - INFO - Robot <-> Goal L1 distance: 11.05 m
2025-11-26 21:43:13 - OmniVLASpotSimulation - INFO - Robot <-> Goal L1 distance: 11.01 m
2025-11-26 21:43:14 - OmniVLASpotSimulation - INFO - Robot <-> Goal L1 distance: 10.96 m
2025-11-26 21:43:15 - OmniVLASpotSimulation - INFO - [Performance] Physics: 12.257ms avg (0.883-476.135ms), 81.6 Hz | Render: 121.165ms avg (45.635-1175.743ms), 8.3 FPS | Frame: 121.181ms avg (45.648-1175.759ms), 8.3 FPS
2025-11-26 21:43:15 - OmniVLASpotSimulation - INFO - Robot <-> Goal L1 distance: 10.92 m
2025-11-26 21:43:16 - OmniVLASpotSimulation - INFO - Robot <-> Goal L1 distance: 10.87 m
2025-11-26 21:43:16 - OmniVLASpotSimulation - INFO - Robot <-> Goal L1 distance: 10.84 m
2025-11-26 21:43:17 - OmniVLASpotSimulation - INFO - Robot <-> Goal L1 distance: 10.79 m
2025-11-26 21:43:18 - OmniVLASpotSimulation - INFO - Robot <-> Goal L1 distance: 10.75 m
2025-11-26 21:43:18 - OmniVLASpotSimulation - INFO - Robot <-> Goal L1 distance: 10.70 m
2025-11-26 21:43:19 - OmniVLASpotSimulation - INFO - Robot <-> Goal L1 distance: 10.66 m
2025-11-26 21:43:19 - OmniVLASpotSimulation - INFO - Robot <-> Goal L1 distance: 10.62 m
2025-11-26 21:43:20 - OmniVLASpotSimulation - INFO - Robot <-> Goal L1 distance: 10.57 m
2025-11-26 21:43:20 - OmniVLASpotSimulation - INFO - Robot <-> Goal L1 distance: 10.53 m
2025-11-26 21:43:21 - OmniVLASpotSimulation - INFO - [Performance] Physics: 11.732ms avg (0.800-353.078ms), 85.2 Hz | Render: 117.622ms avg (44.590-1175.743ms), 8.5 FPS | Frame: 117.638ms avg (44.603-1175.759ms), 8.5 FPS
2025-11-26 21:43:21 - OmniVLASpotSimulation - INFO - Robot <-> Goal L1 distance: 10.49 m
2025-11-26 21:43:21 - OmniVLASpotSimulation - INFO - Robot <-> Goal L1 distance: 10.44 m
2025-11-26 21:43:22 - OmniVLASpotSimulation - INFO - Robot <-> Goal L1 distance: 10.40 m
2025-11-26 21:43:23 - OmniVLASpotSimulation - INFO - Robot <-> Goal L1 distance: 10.36 m
2025-11-26 21:43:24 - OmniVLASpotSimulation - INFO - Robot <-> Goal L1 distance: 10.32 m
2025-11-26 21:43:24 - OmniVLASpotSimulation - INFO - Robot <-> Goal L1 distance: 10.27 m
2025-11-26 21:43:25 - OmniVLASpotSimulation - INFO - Robot <-> Goal L1 distance: 10.24 m
2025-11-26 21:43:25 - OmniVLASpotSimulation - INFO - Robot <-> Goal L1 distance: 10.20 m
2025-11-26 21:43:26 - OmniVLASpotSimulation - INFO - Robot <-> Goal L1 distance: 10.15 m
2025-11-26 21:43:27 - OmniVLASpotSimulation - INFO - Robot <-> Goal L1 distance: 10.11 m
2025-11-26 21:43:27 - OmniVLASpotSimulation - INFO - [Performance] Physics: 12.613ms avg (0.906-454.724ms), 79.3 Hz | Render: 117.408ms avg (44.590-1175.743ms), 8.5 FPS | Frame: 117.423ms avg (44.603-1175.759ms), 8.5 FPS
2025-11-26 21:43:27 - OmniVLASpotSimulation - INFO - Robot <-> Goal L1 distance: 10.07 m
2025-11-26 21:43:28 - OmniVLASpotSimulation - INFO - Robot <-> Goal L1 distance: 10.03 m
2025-11-26 21:43:28 - OmniVLASpotSimulation - INFO - Robot <-> Goal L1 distance: 9.98 m
2025-11-26 21:43:29 - OmniVLASpotSimulation - INFO - Robot <-> Goal L1 distance: 9.95 m
2025-11-26 21:43:29 - OmniVLASpotSimulation - INFO - Robot <-> Goal L1 distance: 9.91 m
2025-11-26 21:43:30 - OmniVLASpotSimulation - INFO - Robot <-> Goal L1 distance: 9.86 m
2025-11-26 21:43:30 - OmniVLASpotSimulation - INFO - Robot <-> Goal L1 distance: 9.81 m
2025-11-26 21:43:31 - OmniVLASpotSimulation - INFO - Robot <-> Goal L1 distance: 9.77 m
2025-11-26 21:43:32 - OmniVLASpotSimulation - INFO - Robot <-> Goal L1 distance: 9.72 m
2025-11-26 21:43:32 - OmniVLASpotSimulation - INFO - Robot <-> Goal L1 distance: 9.68 m
2025-11-26 21:43:33 - OmniVLASpotSimulation - INFO - [Performance] Physics: 11.341ms avg (0.861-444.403ms), 88.2 Hz | Render: 115.061ms avg (44.590-1175.743ms), 8.7 FPS | Frame: 115.076ms avg (44.603-1175.759ms), 8.7 FPS
2025-11-26 21:43:33 - OmniVLASpotSimulation - INFO - Robot <-> Goal L1 distance: 9.64 m
2025-11-26 21:43:33 - OmniVLASpotSimulation - INFO - Robot <-> Goal L1 distance: 9.59 m
2025-11-26 21:43:34 - OmniVLASpotSimulation - INFO - Robot <-> Goal L1 distance: 9.54 m
2025-11-26 21:43:35 - OmniVLASpotSimulation - INFO - Robot <-> Goal L1 distance: 9.50 m
2025-11-26 21:43:35 - OmniVLASpotSimulation - INFO - Robot <-> Goal L1 distance: 9.45 m
2025-11-26 21:43:36 - OmniVLASpotSimulation - INFO - Robot <-> Goal L1 distance: 9.41 m
2025-11-26 21:43:36 - OmniVLASpotSimulation - INFO - Robot <-> Goal L1 distance: 9.36 m
2025-11-26 21:43:37 - OmniVLASpotSimulation - INFO - Robot <-> Goal L1 distance: 9.33 m
2025-11-26 21:43:37 - OmniVLASpotSimulation - INFO - Robot <-> Goal L1 distance: 9.28 m
2025-11-26 21:43:38 - OmniVLASpotSimulation - INFO - Robot <-> Goal L1 distance: 9.23 m
2025-11-26 21:43:39 - OmniVLASpotSimulation - INFO - [Performance] Physics: 11.793ms avg (0.650-442.639ms), 84.8 Hz | Render: 114.014ms avg (44.590-1175.743ms), 8.8 FPS | Frame: 114.030ms avg (44.603-1175.759ms), 8.8 FPS
2025-11-26 21:43:39 - OmniVLASpotSimulation - INFO - Robot <-> Goal L1 distance: 9.19 m
2025-11-26 21:43:39 - OmniVLASpotSimulation - INFO - Robot <-> Goal L1 distance: 9.15 m
2025-11-26 21:43:40 - OmniVLASpotSimulation - INFO - Robot <-> Goal L1 distance: 9.10 m
2025-11-26 21:43:40 - OmniVLASpotSimulation - INFO - Robot <-> Goal L1 distance: 9.05 m
2025-11-26 21:43:41 - OmniVLASpotSimulation - INFO - Robot <-> Goal L1 distance: 9.01 m
2025-11-26 21:43:42 - OmniVLASpotSimulation - INFO - Robot <-> Goal L1 distance: 8.97 m
2025-11-26 21:43:42 - OmniVLASpotSimulation - INFO - Robot <-> Goal L1 distance: 8.92 m
2025-11-26 21:43:43 - OmniVLASpotSimulation - INFO - Robot <-> Goal L1 distance: 8.87 m
2025-11-26 21:43:43 - OmniVLASpotSimulation - INFO - Robot <-> Goal L1 distance: 8.83 m
2025-11-26 21:43:43 - OmniVLASpotSimulation - INFO - Robot <-> Goal L1 distance: 8.78 m
2025-11-26 21:43:44 - OmniVLASpotSimulation - INFO - [Performance] Physics: 10.681ms avg (0.758-347.053ms), 93.6 Hz | Render: 111.902ms avg (44.590-1175.743ms), 8.9 FPS | Frame: 111.918ms avg (44.603-1175.759ms), 8.9 FPS
2025-11-26 21:43:44 - OmniVLASpotSimulation - INFO - Robot <-> Goal L1 distance: 8.74 m
2025-11-26 21:43:45 - OmniVLASpotSimulation - INFO - Robot <-> Goal L1 distance: 8.70 m
2025-11-26 21:43:45 - OmniVLASpotSimulation - INFO - Robot <-> Goal L1 distance: 8.65 m
2025-11-26 21:43:46 - OmniVLASpotSimulation - INFO - Robot <-> Goal L1 distance: 8.59 m
2025-11-26 21:43:47 - OmniVLASpotSimulation - INFO - Robot <-> Goal L1 distance: 8.55 m
2025-11-26 21:43:47 - OmniVLASpotSimulation - INFO - Robot <-> Goal L1 distance: 8.50 m
2025-11-26 21:43:48 - OmniVLASpotSimulation - INFO - Robot <-> Goal L1 distance: 8.45 m
2025-11-26 21:43:48 - OmniVLASpotSimulation - INFO - Robot <-> Goal L1 distance: 8.41 m
2025-11-26 21:43:49 - OmniVLASpotSimulation - INFO - Robot <-> Goal L1 distance: 8.36 m
2025-11-26 21:43:50 - OmniVLASpotSimulation - INFO - Robot <-> Goal L1 distance: 8.31 m
2025-11-26 21:43:50 - OmniVLASpotSimulation - INFO - [Performance] Physics: 12.266ms avg (0.835-446.348ms), 81.5 Hz | Render: 112.029ms avg (44.590-1175.743ms), 8.9 FPS | Frame: 112.044ms avg (44.603-1175.759ms), 8.9 FPS
2025-11-26 21:43:50 - OmniVLASpotSimulation - INFO - Robot <-> Goal L1 distance: 8.26 m
2025-11-26 21:43:51 - OmniVLASpotSimulation - INFO - Robot <-> Goal L1 distance: 8.21 m
2025-11-26 21:43:51 - OmniVLASpotSimulation - INFO - Robot <-> Goal L1 distance: 8.17 m
2025-11-26 21:43:51 - OmniVLASpotSimulation - INFO - Robot <-> Goal L1 distance: 8.12 m
2025-11-26 21:43:52 - OmniVLASpotSimulation - INFO - Robot <-> Goal L1 distance: 8.08 m
2025-11-26 21:43:52 - OmniVLASpotSimulation - INFO - Robot <-> Goal L1 distance: 8.03 m
2025-11-26 21:43:53 - OmniVLASpotSimulation - INFO - Robot <-> Goal L1 distance: 7.98 m
2025-11-26 21:43:54 - OmniVLASpotSimulation - INFO - Robot <-> Goal L1 distance: 7.93 m
2025-11-26 21:43:54 - OmniVLASpotSimulation - INFO - Robot <-> Goal L1 distance: 7.88 m
2025-11-26 21:43:55 - OmniVLASpotSimulation - INFO - Robot <-> Goal L1 distance: 7.83 m
2025-11-26 21:43:55 - OmniVLASpotSimulation - INFO - [Performance] Physics: 9.759ms avg (0.886-414.494ms), 102.5 Hz | Render: 109.682ms avg (44.327-1175.743ms), 9.1 FPS | Frame: 109.698ms avg (44.341-1175.759ms), 9.1 FPS
2025-11-26 21:43:55 - OmniVLASpotSimulation - INFO - Robot <-> Goal L1 distance: 7.78 m
2025-11-26 21:43:56 - OmniVLASpotSimulation - INFO - Robot <-> Goal L1 distance: 7.74 m
2025-11-26 21:43:56 - OmniVLASpotSimulation - INFO - Robot <-> Goal L1 distance: 7.69 m
2025-11-26 21:43:57 - OmniVLASpotSimulation - INFO - Robot <-> Goal L1 distance: 7.64 m
2025-11-26 21:43:57 - OmniVLASpotSimulation - INFO - Robot <-> Goal L1 distance: 7.59 m
2025-11-26 21:43:58 - OmniVLASpotSimulation - INFO - Robot <-> Goal L1 distance: 7.54 m
2025-11-26 21:43:58 - OmniVLASpotSimulation - INFO - Robot <-> Goal L1 distance: 7.49 m
2025-11-26 21:43:59 - OmniVLASpotSimulation - INFO - Robot <-> Goal L1 distance: 7.44 m
2025-11-26 21:43:59 - OmniVLASpotSimulation - INFO - Robot <-> Goal L1 distance: 7.40 m
2025-11-26 21:44:00 - OmniVLASpotSimulation - INFO - Robot <-> Goal L1 distance: 7.35 m
2025-11-26 21:44:00 - OmniVLASpotSimulation - INFO - [Performance] Physics: 10.537ms avg (0.698-373.863ms), 94.9 Hz | Render: 104.748ms avg (44.327-481.255ms), 9.5 FPS | Frame: 104.763ms avg (44.341-481.269ms), 9.5 FPS
2025-11-26 21:44:00 - OmniVLASpotSimulation - INFO - Robot <-> Goal L1 distance: 7.30 m
2025-11-26 21:44:01 - OmniVLASpotSimulation - INFO - Robot <-> Goal L1 distance: 7.25 m
2025-11-26 21:44:01 - OmniVLASpotSimulation - INFO - Robot <-> Goal L1 distance: 7.20 m
2025-11-26 21:44:02 - OmniVLASpotSimulation - INFO - Robot <-> Goal L1 distance: 7.15 m
2025-11-26 21:44:02 - OmniVLASpotSimulation - INFO - Robot <-> Goal L1 distance: 7.10 m
2025-11-26 21:44:03 - OmniVLASpotSimulation - INFO - Robot <-> Goal L1 distance: 7.07 m
2025-11-26 21:44:04 - OmniVLASpotSimulation - INFO - Robot <-> Goal L1 distance: 7.02 m
2025-11-26 21:44:04 - OmniVLASpotSimulation - INFO - Robot <-> Goal L1 distance: 6.96 m
2025-11-26 21:44:04 - OmniVLASpotSimulation - INFO - Robot <-> Goal L1 distance: 6.91 m
2025-11-26 21:44:05 - OmniVLASpotSimulation - INFO - Robot <-> Goal L1 distance: 6.86 m
2025-11-26 21:44:05 - OmniVLASpotSimulation - INFO - [Performance] Physics: 9.765ms avg (0.699-379.806ms), 102.4 Hz | Render: 102.925ms avg (44.327-481.255ms), 9.7 FPS | Frame: 102.941ms avg (44.341-481.269ms), 9.7 FPS
2025-11-26 21:44:05 - OmniVLASpotSimulation - INFO - Robot <-> Goal L1 distance: 6.82 m
2025-11-26 21:44:06 - OmniVLASpotSimulation - INFO - Robot <-> Goal L1 distance: 6.77 m
2025-11-26 21:44:06 - OmniVLASpotSimulation - INFO - Robot <-> Goal L1 distance: 6.73 m
2025-11-26 21:44:06 - OmniVLASpotSimulation - INFO - Robot <-> Goal L1 distance: 6.68 m
2025-11-26 21:44:07 - OmniVLASpotSimulation - INFO - Robot <-> Goal L1 distance: 6.62 m
2025-11-26 21:44:07 - OmniVLASpotSimulation - INFO - Robot <-> Goal L1 distance: 6.57 m
2025-11-26 21:44:08 - OmniVLASpotSimulation - INFO - Robot <-> Goal L1 distance: 6.53 m
2025-11-26 21:44:09 - OmniVLASpotSimulation - INFO - Robot <-> Goal L1 distance: 6.48 m
2025-11-26 21:44:09 - OmniVLASpotSimulation - INFO - Robot <-> Goal L1 distance: 6.43 m
2025-11-26 21:44:10 - OmniVLASpotSimulation - INFO - Robot <-> Goal L1 distance: 6.39 m
2025-11-26 21:44:10 - OmniVLASpotSimulation - INFO - [Performance] Physics: 10.258ms avg (0.644-372.507ms), 97.5 Hz | Render: 101.125ms avg (43.003-481.255ms), 9.9 FPS | Frame: 101.141ms avg (43.018-481.269ms), 9.9 FPS
2025-11-26 21:44:10 - OmniVLASpotSimulation - INFO - Robot <-> Goal L1 distance: 6.34 m
2025-11-26 21:44:11 - OmniVLASpotSimulation - INFO - Robot <-> Goal L1 distance: 6.28 m
2025-11-26 21:44:11 - OmniVLASpotSimulation - INFO - Robot <-> Goal L1 distance: 6.23 m
2025-11-26 21:44:12 - OmniVLASpotSimulation - INFO - Robot <-> Goal L1 distance: 6.18 m
2025-11-26 21:44:12 - OmniVLASpotSimulation - INFO - Robot <-> Goal L1 distance: 6.13 m
2025-11-26 21:44:12 - OmniVLASpotSimulation - INFO - Robot <-> Goal L1 distance: 6.09 m
2025-11-26 21:44:13 - OmniVLASpotSimulation - INFO - Robot <-> Goal L1 distance: 6.04 m
2025-11-26 21:44:14 - OmniVLASpotSimulation - INFO - Robot <-> Goal L1 distance: 5.99 m
2025-11-26 21:44:14 - OmniVLASpotSimulation - INFO - Robot <-> Goal L1 distance: 5.93 m
2025-11-26 21:44:15 - OmniVLASpotSimulation - INFO - Robot <-> Goal L1 distance: 5.89 m
2025-11-26 21:44:15 - OmniVLASpotSimulation - INFO - [Performance] Physics: 9.497ms avg (0.807-420.038ms), 105.3 Hz | Render: 99.117ms avg (43.003-481.255ms), 10.1 FPS | Frame: 99.133ms avg (43.018-481.269ms), 10.1 FPS
2025-11-26 21:44:15 - OmniVLASpotSimulation - INFO - Robot <-> Goal L1 distance: 5.84 m
2025-11-26 21:44:15 - OmniVLASpotSimulation - INFO - Robot <-> Goal L1 distance: 5.79 m
2025-11-26 21:44:16 - OmniVLASpotSimulation - INFO - Robot <-> Goal L1 distance: 5.75 m
2025-11-26 21:44:16 - OmniVLASpotSimulation - INFO - Robot <-> Goal L1 distance: 5.71 m
2025-11-26 21:44:17 - OmniVLASpotSimulation - INFO - Robot <-> Goal L1 distance: 5.65 m
2025-11-26 21:44:17 - OmniVLASpotSimulation - INFO - Robot <-> Goal L1 distance: 5.59 m
2025-11-26 21:44:18 - OmniVLASpotSimulation - INFO - Robot <-> Goal L1 distance: 5.55 m
2025-11-26 21:44:19 - OmniVLASpotSimulation - INFO - Robot <-> Goal L1 distance: 5.50 m
2025-11-26 21:44:19 - OmniVLASpotSimulation - INFO - Robot <-> Goal L1 distance: 5.45 m
2025-11-26 21:44:19 - OmniVLASpotSimulation - INFO - Robot <-> Goal L1 distance: 5.41 m
2025-11-26 21:44:20 - OmniVLASpotSimulation - INFO - [Performance] Physics: 9.636ms avg (0.840-388.158ms), 103.8 Hz | Render: 96.182ms avg (43.003-454.174ms), 10.4 FPS | Frame: 96.198ms avg (43.018-454.194ms), 10.4 FPS
2025-11-26 21:44:20 - OmniVLASpotSimulation - INFO - Robot <-> Goal L1 distance: 5.36 m
2025-11-26 21:44:20 - OmniVLASpotSimulation - INFO - Robot <-> Goal L1 distance: 5.31 m
2025-11-26 21:44:21 - OmniVLASpotSimulation - INFO - Robot <-> Goal L1 distance: 5.25 m
2025-11-26 21:44:21 - OmniVLASpotSimulation - INFO - Robot <-> Goal L1 distance: 5.20 m
2025-11-26 21:44:22 - OmniVLASpotSimulation - INFO - Robot <-> Goal L1 distance: 5.15 m
2025-11-26 21:44:22 - OmniVLASpotSimulation - INFO - Robot <-> Goal L1 distance: 5.11 m
2025-11-26 21:44:23 - OmniVLASpotSimulation - INFO - Robot <-> Goal L1 distance: 5.06 m
2025-11-26 21:44:23 - OmniVLASpotSimulation - INFO - Robot <-> Goal L1 distance: 5.02 m
2025-11-26 21:44:24 - OmniVLASpotSimulation - INFO - Robot <-> Goal L1 distance: 4.96 m
2025-11-26 21:44:24 - OmniVLASpotSimulation - INFO - Robot <-> Goal L1 distance: 4.90 m
2025-11-26 21:44:25 - OmniVLASpotSimulation - INFO - [Performance] Physics: 10.458ms avg (0.968-404.961ms), 95.6 Hz | Render: 95.396ms avg (43.003-454.174ms), 10.5 FPS | Frame: 95.412ms avg (43.018-454.194ms), 10.5 FPS
2025-11-26 21:44:25 - OmniVLASpotSimulation - INFO - Robot <-> Goal L1 distance: 4.86 m
2025-11-26 21:44:26 - OmniVLASpotSimulation - INFO - Robot <-> Goal L1 distance: 4.81 m
2025-11-26 21:44:26 - OmniVLASpotSimulation - INFO - Robot <-> Goal L1 distance: 4.76 m
2025-11-26 21:44:27 - OmniVLASpotSimulation - INFO - Robot <-> Goal L1 distance: 4.72 m
2025-11-26 21:44:27 - OmniVLASpotSimulation - INFO - Robot <-> Goal L1 distance: 4.67 m
2025-11-26 21:44:28 - OmniVLASpotSimulation - INFO - Robot <-> Goal L1 distance: 4.61 m
2025-11-26 21:44:28 - OmniVLASpotSimulation - INFO - Robot <-> Goal L1 distance: 4.56 m
2025-11-26 21:44:29 - OmniVLASpotSimulation - INFO - Robot <-> Goal L1 distance: 4.51 m
2025-11-26 21:44:30 - OmniVLASpotSimulation - INFO - Robot <-> Goal L1 distance: 4.46 m
2025-11-26 21:44:30 - OmniVLASpotSimulation - INFO - Robot <-> Goal L1 distance: 4.42 m
2025-11-26 21:44:31 - OmniVLASpotSimulation - INFO - [Performance] Physics: 11.103ms avg (0.909-273.207ms), 90.1 Hz | Render: 94.866ms avg (43.003-454.174ms), 10.5 FPS | Frame: 94.882ms avg (43.018-454.194ms), 10.5 FPS
2025-11-26 21:44:31 - OmniVLASpotSimulation - INFO - Robot <-> Goal L1 distance: 4.38 m
2025-11-26 21:44:31 - OmniVLASpotSimulation - INFO - Robot <-> Goal L1 distance: 4.33 m
2025-11-26 21:44:31 - OmniVLASpotSimulation - INFO - Robot <-> Goal L1 distance: 4.27 m
2025-11-26 21:44:32 - OmniVLASpotSimulation - INFO - Robot <-> Goal L1 distance: 4.22 m
2025-11-26 21:44:32 - OmniVLASpotSimulation - INFO - Robot <-> Goal L1 distance: 4.18 m
2025-11-26 21:44:33 - OmniVLASpotSimulation - INFO - Robot <-> Goal L1 distance: 4.13 m
2025-11-26 21:44:34 - OmniVLASpotSimulation - INFO - Robot <-> Goal L1 distance: 4.09 m
2025-11-26 21:44:34 - OmniVLASpotSimulation - INFO - Robot <-> Goal L1 distance: 4.05 m
2025-11-26 21:44:34 - OmniVLASpotSimulation - INFO - Robot <-> Goal L1 distance: 4.00 m
2025-11-26 21:44:35 - OmniVLASpotSimulation - INFO - Robot <-> Goal L1 distance: 3.94 m
2025-11-26 21:44:36 - OmniVLASpotSimulation - INFO - [Performance] Physics: 9.966ms avg (0.878-468.929ms), 100.3 Hz | Render: 94.196ms avg (43.003-469.333ms), 10.6 FPS | Frame: 94.213ms avg (43.018-469.359ms), 10.6 FPS
2025-11-26 21:44:36 - OmniVLASpotSimulation - INFO - Robot <-> Goal L1 distance: 3.89 m
2025-11-26 21:44:36 - OmniVLASpotSimulation - INFO - Robot <-> Goal L1 distance: 3.85 m
2025-11-26 21:44:37 - OmniVLASpotSimulation - INFO - Robot <-> Goal L1 distance: 3.80 m
2025-11-26 21:44:37 - OmniVLASpotSimulation - INFO - Robot <-> Goal L1 distance: 3.76 m
2025-11-26 21:44:38 - OmniVLASpotSimulation - INFO - Robot <-> Goal L1 distance: 3.72 m
2025-11-26 21:44:38 - OmniVLASpotSimulation - INFO - Robot <-> Goal L1 distance: 3.67 m
2025-11-26 21:44:38 - OmniVLASpotSimulation - INFO - Robot <-> Goal L1 distance: 3.62 m
2025-11-26 21:44:39 - OmniVLASpotSimulation - INFO - Robot <-> Goal L1 distance: 3.57 m
2025-11-26 21:44:40 - OmniVLASpotSimulation - INFO - Robot <-> Goal L1 distance: 3.52 m
2025-11-26 21:44:40 - OmniVLASpotSimulation - INFO - Robot <-> Goal L1 distance: 3.48 m
2025-11-26 21:44:41 - OmniVLASpotSimulation - INFO - [Performance] Physics: 10.818ms avg (0.907-472.293ms), 92.4 Hz | Render: 92.727ms avg (43.003-478.065ms), 10.8 FPS | Frame: 92.744ms avg (43.018-478.096ms), 10.8 FPS
2025-11-26 21:44:41 - OmniVLASpotSimulation - INFO - Robot <-> Goal L1 distance: 3.44 m
2025-11-26 21:44:41 - OmniVLASpotSimulation - INFO - Robot <-> Goal L1 distance: 3.40 m
2025-11-26 21:44:42 - OmniVLASpotSimulation - INFO - Robot <-> Goal L1 distance: 3.35 m
2025-11-26 21:44:42 - OmniVLASpotSimulation - INFO - Robot <-> Goal L1 distance: 3.29 m
2025-11-26 21:44:43 - OmniVLASpotSimulation - INFO - Robot <-> Goal L1 distance: 3.25 m
2025-11-26 21:44:43 - OmniVLASpotSimulation - INFO - Robot <-> Goal L1 distance: 3.20 m
2025-11-26 21:44:44 - OmniVLASpotSimulation - INFO - Robot <-> Goal L1 distance: 3.16 m
2025-11-26 21:44:44 - OmniVLASpotSimulation - INFO - Robot <-> Goal L1 distance: 3.13 m
2025-11-26 21:44:44 - OmniVLASpotSimulation - INFO - Robot <-> Goal L1 distance: 3.08 m
2025-11-26 21:44:45 - OmniVLASpotSimulation - INFO - Robot <-> Goal L1 distance: 3.03 m
2025-11-26 21:44:46 - OmniVLASpotSimulation - INFO - [Performance] Physics: 9.097ms avg (0.804-256.388ms), 109.9 Hz | Render: 92.078ms avg (43.003-478.065ms), 10.9 FPS | Frame: 92.094ms avg (43.018-478.096ms), 10.9 FPS
2025-11-26 21:44:46 - OmniVLASpotSimulation - INFO - Robot <-> Goal L1 distance: 2.98 m
2025-11-26 21:44:46 - OmniVLASpotSimulation - INFO - Robot <-> Goal L1 distance: 2.93 m
2025-11-26 21:44:46 - OmniVLASpotSimulation - INFO - Robot <-> Goal L1 distance: 2.89 m
2025-11-26 21:44:47 - OmniVLASpotSimulation - INFO - Robot <-> Goal L1 distance: 2.85 m
2025-11-26 21:44:47 - OmniVLASpotSimulation - INFO - Robot <-> Goal L1 distance: 2.82 m
2025-11-26 21:44:48 - OmniVLASpotSimulation - INFO - Robot <-> Goal L1 distance: 2.78 m
2025-11-26 21:44:48 - OmniVLASpotSimulation - INFO - Robot <-> Goal L1 distance: 2.73 m
2025-11-26 21:44:49 - OmniVLASpotSimulation - INFO - Robot <-> Goal L1 distance: 2.68 m
2025-11-26 21:44:50 - OmniVLASpotSimulation - INFO - Robot <-> Goal L1 distance: 2.64 m
2025-11-26 21:44:50 - OmniVLASpotSimulation - INFO - Robot <-> Goal L1 distance: 2.60 m
2025-11-26 21:44:51 - OmniVLASpotSimulation - INFO - [Performance] Physics: 10.760ms avg (0.891-451.936ms), 92.9 Hz | Render: 92.264ms avg (43.003-478.065ms), 10.8 FPS | Frame: 92.281ms avg (43.018-478.096ms), 10.8 FPS
2025-11-26 21:44:51 - OmniVLASpotSimulation - INFO - Robot <-> Goal L1 distance: 2.56 m
2025-11-26 21:44:52 - OmniVLASpotSimulation - INFO - Robot <-> Goal L1 distance: 2.53 m
2025-11-26 21:44:52 - OmniVLASpotSimulation - INFO - Robot <-> Goal L1 distance: 2.48 m
2025-11-26 21:44:52 - OmniVLASpotSimulation - INFO - Robot <-> Goal L1 distance: 2.43 m
2025-11-26 21:44:53 - OmniVLASpotSimulation - INFO - Robot <-> Goal L1 distance: 2.38 m
2025-11-26 21:44:54 - OmniVLASpotSimulation - INFO - Robot <-> Goal L1 distance: 2.34 m
2025-11-26 21:44:54 - OmniVLASpotSimulation - INFO - Robot <-> Goal L1 distance: 2.30 m
2025-11-26 21:44:55 - OmniVLASpotSimulation - INFO - Robot <-> Goal L1 distance: 2.26 m
2025-11-26 21:44:55 - OmniVLASpotSimulation - INFO - Robot <-> Goal L1 distance: 2.23 m
2025-11-26 21:44:55 - OmniVLASpotSimulation - INFO - Robot <-> Goal L1 distance: 2.18 m
2025-11-26 21:44:56 - OmniVLASpotSimulation - INFO - [Performance] Physics: 9.924ms avg (0.865-424.544ms), 100.8 Hz | Render: 92.428ms avg (43.003-478.065ms), 10.8 FPS | Frame: 92.445ms avg (43.018-478.096ms), 10.8 FPS
2025-11-26 21:44:56 - OmniVLASpotSimulation - INFO - Robot <-> Goal L1 distance: 2.13 m
2025-11-26 21:44:57 - OmniVLASpotSimulation - INFO - Robot <-> Goal L1 distance: 2.08 m
2025-11-26 21:44:57 - OmniVLASpotSimulation - INFO - Robot <-> Goal L1 distance: 2.04 m
2025-11-26 21:44:58 - OmniVLASpotSimulation - INFO - Robot <-> Goal L1 distance: 2.00 m
2025-11-26 21:44:58 - OmniVLASpotSimulation - INFO - Robot <-> Goal L1 distance: 1.96 m
2025-11-26 21:44:59 - OmniVLASpotSimulation - INFO - Robot <-> Goal L1 distance: 1.92 m
2025-11-26 21:44:59 - OmniVLASpotSimulation - INFO - Robot <-> Goal L1 distance: 1.87 m
2025-11-26 21:45:00 - OmniVLASpotSimulation - INFO - Robot <-> Goal L1 distance: 1.82 m
2025-11-26 21:45:00 - OmniVLASpotSimulation - INFO - Robot <-> Goal L1 distance: 1.77 m
2025-11-26 21:45:00 - OmniVLASpotSimulation - INFO - Robot <-> Goal L1 distance: 1.73 m
2025-11-26 21:45:01 - OmniVLASpotSimulation - INFO - [Performance] Physics: 9.514ms avg (0.793-327.466ms), 105.1 Hz | Render: 91.771ms avg (43.686-478.065ms), 10.9 FPS | Frame: 91.788ms avg (43.701-478.096ms), 10.9 FPS
2025-11-26 21:45:01 - OmniVLASpotSimulation - INFO - Robot <-> Goal L1 distance: 1.68 m
2025-11-26 21:45:01 - OmniVLASpotSimulation - INFO - Robot <-> Goal L1 distance: 1.65 m
2025-11-26 21:45:01 - OmniVLASpotSimulation - INFO - Robot <-> Goal L1 distance: 1.60 m
2025-11-26 21:45:02 - OmniVLASpotSimulation - INFO - Robot <-> Goal L1 distance: 1.55 m
2025-11-26 21:45:02 - OmniVLASpotSimulation - INFO - Robot <-> Goal L1 distance: 1.50 m
2025-11-26 21:45:03 - OmniVLASpotSimulation - INFO - Robot <-> Goal L1 distance: 1.46 m
2025-11-26 21:45:03 - OmniVLASpotSimulation - INFO - Robot <-> Goal L1 distance: 1.42 m
2025-11-26 21:45:04 - OmniVLASpotSimulation - INFO - Robot <-> Goal L1 distance: 1.37 m
2025-11-26 21:45:04 - OmniVLASpotSimulation - INFO - Robot <-> Goal L1 distance: 1.34 m
2025-11-26 21:45:05 - OmniVLASpotSimulation - INFO - Robot <-> Goal L1 distance: 1.29 m
2025-11-26 21:45:05 - OmniVLASpotSimulation - INFO - [Performance] Physics: 9.068ms avg (0.832-290.712ms), 110.3 Hz | Render: 91.219ms avg (43.686-478.065ms), 11.0 FPS | Frame: 91.236ms avg (43.701-478.096ms), 11.0 FPS
2025-11-26 21:45:05 - OmniVLASpotSimulation - INFO - Robot <-> Goal L1 distance: 1.24 m
2025-11-26 21:45:06 - OmniVLASpotSimulation - INFO - Robot <-> Goal L1 distance: 1.19 m
2025-11-26 21:45:06 - OmniVLASpotSimulation - INFO - Robot <-> Goal L1 distance: 1.15 m
2025-11-26 21:45:07 - OmniVLASpotSimulation - INFO - Robot <-> Goal L1 distance: 1.10 m
2025-11-26 21:45:07 - OmniVLASpotSimulation - INFO - Robot <-> Goal L1 distance: 1.05 m
2025-11-26 21:45:08 - OmniVLASpotSimulation - INFO - Robot <-> Goal L1 distance: 1.01 m
2025-11-26 21:45:08 - OmniVLASpotSimulation - INFO - Goal marker color changed to green
2025-11-26 21:45:08 - OmniVLASpotSimulation - INFO - Goal hemisphere color changed to green
2025-11-26 21:45:08 - OmniVLASpotSimulation - INFO - Task completed! Distance to goal: 0.965m < 1.0m
2025-11-26 21:45:08 - OmniVLASpotSimulation - INFO - Logging stopped
2025-11-26 21:45:08 - OmniVLASpotSimulation - INFO - Robot <-> Goal L1 distance: 0.97 m
2025-11-26 21:45:09 - OmniVLASpotSimulation - INFO - Robot <-> Goal L1 distance: 0.91 m
2025-11-26 21:45:10 - OmniVLASpotSimulation - INFO - Robot <-> Goal L1 distance: 0.86 m
2025-11-26 21:45:10 - OmniVLASpotSimulation - INFO - Robot <-> Goal L1 distance: 0.81 m
2025-11-26 21:45:11 - OmniVLASpotSimulation - INFO - [Performance] Physics: 11.451ms avg (0.854-369.876ms), 87.3 Hz | Render: 92.903ms avg (43.686-478.065ms), 10.8 FPS | Frame: 92.920ms avg (43.701-478.096ms), 10.8 FPS
2025-11-26 21:45:11 - OmniVLASpotSimulation - INFO - Robot <-> Goal L1 distance: 0.77 m
2025-11-26 21:45:11 - OmniVLASpotSimulation - INFO - Robot <-> Goal L1 distance: 0.73 m
2025-11-26 21:45:12 - OmniVLASpotSimulation - INFO - Robot <-> Goal L1 distance: 0.74 m
2025-11-26 21:45:12 - OmniVLASpotSimulation - INFO - Robot <-> Goal L1 distance: 0.74 m
2025-11-26 21:45:13 - OmniVLASpotSimulation - INFO - Robot <-> Goal L1 distance: 0.74 m
2025-11-26 21:45:14 - OmniVLASpotSimulation - INFO - Robot <-> Goal L1 distance: 0.74 m
2025-11-26 21:45:14 - OmniVLASpotSimulation - INFO - Robot <-> Goal L1 distance: 0.74 m
2025-11-26 21:45:15 - OmniVLASpotSimulation - INFO - Robot <-> Goal L1 distance: 0.74 m
2025-11-26 21:45:15 - OmniVLASpotSimulation - INFO - Robot <-> Goal L1 distance: 0.75 m
2025-11-26 21:45:15 - OmniVLASpotSimulation - INFO - Robot <-> Goal L1 distance: 0.76 m
2025-11-26 21:45:16 - OmniVLASpotSimulation - INFO - [Performance] Physics: 9.962ms avg (0.630-413.062ms), 100.4 Hz | Render: 92.428ms avg (44.784-478.065ms), 10.8 FPS | Frame: 92.445ms avg (44.800-478.096ms), 10.8 FPS
2025-11-26 21:45:16 - OmniVLASpotSimulation - INFO - Robot <-> Goal L1 distance: 0.76 m
2025-11-26 21:45:16 - OmniVLASpotSimulation - INFO - Robot <-> Goal L1 distance: 0.76 m
2025-11-26 21:45:17 - OmniVLASpotSimulation - INFO - Robot <-> Goal L1 distance: 0.76 m
2025-11-26 21:45:18 - OmniVLASpotSimulation - INFO - Robot <-> Goal L1 distance: 0.76 m
2025-11-26 21:45:18 - OmniVLASpotSimulation - INFO - Robot <-> Goal L1 distance: 0.77 m
2025-11-26 21:45:19 - OmniVLASpotSimulation - INFO - Robot <-> Goal L1 distance: 0.79 m
2025-11-26 21:45:20 - OmniVLASpotSimulation - INFO - Robot <-> Goal L1 distance: 0.79 m
2025-11-26 21:45:20 - OmniVLASpotSimulation - INFO - Robot <-> Goal L1 distance: 0.80 m
